<?xml version="1.0" encoding="UTF-8"?>
<!-- Generated by org.testng.reporters.JUnitReportReporter -->
<testsuite hostname="DESKTOP-OCIILT7" name="Jobserve" tests="1" failures="0" timestamp="18 Feb 2021 14:13:30 GMT" time="17.270" errors="0">
  <testcase name="getTitle" time="17.270" classname="Jobserve"/>
</testsuite> <!-- Jobserve -->
